<?xml version="1.0" encoding="utf-8" standalone="no"?>
<test-results xmlns:xsi="http://www.w3.org/2001/XMLSchema-instance" xsi:noNamespaceSchemaLocation="nunit_schema_2.5.xsd" name="Pester" total="1" errors="0" failures="0" not-run="0" inconclusive="0" ignored="0" skipped="0" invalid="0" date="2015-11-03" time="13:57:44">
  <environment user="chris.lambrou" machine-name="DEV-CHRISL" cwd="C:\Work\GitHub\RedGate.Build" user-domain="RED-GATE" platform="Microsoft Windows 10 Enterprise|C:\WINDOWS|\Device\Harddisk0\Partition4" nunit-version="2.5.8.0" os-version="10.0.10240" clr-version="4.0.30319.42000" />
  <culture-info current-culture="en-GB" current-uiculture="en-GB" />
  <test-suite type="Powershell" name="Pester" executed="True" result="Success" success="True" time="0.048" asserts="0">
    <results>
      <test-suite type="TestFixture" name="New-TempDir" executed="True" result="Success" success="True" time="0.048" asserts="0" description="New-TempDir">
        <results>
          <test-case description="should exist" name="New-TempDir.should exist" time="0.048" asserts="0" success="True" result="Success" executed="True" />
        </results>
      </test-suite>
    </results>
  </test-suite>
</test-results>